<?xml version="1.0" encoding="UTF-8"?>
<testng-results skipped="0" failed="0" ignored="0" total="1" passed="1">
  <reporter-output>
  </reporter-output>
  <suite name="Default suite" duration-ms="70" started-at="2020-06-03T16:57:57 IST" finished-at="2020-06-03T16:57:57 IST">
    <groups>
    </groups>
    <test name="Default test" duration-ms="70" started-at="2020-06-03T16:57:57 IST" finished-at="2020-06-03T16:57:57 IST">
      <class name="StringCalculatorTest">
        <test-method status="PASS" signature="emptyString()[pri:0, instance:StringCalculatorTest@887af79]" name="emptyString" duration-ms="15" started-at="2020-06-03T16:57:57 IST" finished-at="2020-06-03T16:57:57 IST">
          <reporter-output>
          </reporter-output>
        </test-method> <!-- emptyString -->
      </class> <!-- StringCalculatorTest -->
    </test> <!-- Default test -->
  </suite> <!-- Default suite -->
</testng-results>
