<?xml version="1.0" encoding="UTF-8"?>
<!-- Generated by org.testng.reporters.JUnitXMLReporter -->
<testsuite hostname="LAPTOP-VLTIOPNP" ignored="0" tests="8" failures="0" timestamp="2020-06-03T22:26:52 IST" time="0.083" errors="0">
  <testcase name="commaDelimitedSum" time="0.008" classname="StringCalculatorTest"/>
  <testcase name="emptyString" time="0.002" classname="StringCalculatorTest"/>
  <testcase name="ignoresNumberGreaterThanThousand" time="0.001" classname="StringCalculatorTest"/>
  <testcase name="multipleNegativeInputException" time="0.002" classname="StringCalculatorTest"/>
  <testcase name="negativeInputThrowsException" time="0.001" classname="StringCalculatorTest"/>
  <testcase name="newLineDelimeterReturnsSum" time="0.001" classname="StringCalculatorTest"/>
  <testcase name="singleValueReturn" time="0.002" classname="StringCalculatorTest"/>
  <testcase name="sumOfUnknownAmountOfNumbers" time="0.002" classname="StringCalculatorTest"/>
</testsuite>
