<?xml version="1.0" encoding="UTF-8"?>
<!-- Generated by org.testng.reporters.JUnitXMLReporter -->
<testsuite hostname="LAPTOP-VLTIOPNP" ignored="0" tests="6" failures="0" timestamp="2020-06-03T20:12:37 IST" time="0.071" errors="0">
  <testcase name="commaDelimitedSum" time="0.009" classname="StringCalculatorTest"/>
  <testcase name="emptyString" time="0.002" classname="StringCalculatorTest"/>
  <testcase name="negativeInputThrowsException" time="0.001" classname="StringCalculatorTest"/>
  <testcase name="newLineDelimeterReturnsSum" time="0.001" classname="StringCalculatorTest"/>
  <testcase name="singleValueReturn" time="0.001" classname="StringCalculatorTest"/>
  <testcase name="sumOfUnknownAmountOfNumbers" time="0.001" classname="StringCalculatorTest"/>
</testsuite>
